<?xml version="1.0" encoding="UTF-8"?>
<!-- Generated by org.testng.reporters.JUnitReportReporter -->
<testsuite hostname="A-PC" name="testng.P4" tests="2" failures="0" timestamp="12 Apr 2020 07:55:03 GMT" time="0.008" errors="0">
  <testcase name="method2" time="0.002" classname="testng.P4"/>
  <testcase name="method1" time="0.006" classname="testng.P4"/>
</testsuite> <!-- testng.P4 -->
