<?xml version="1.0" encoding="UTF-8"?>
<!-- Generated by org.testng.reporters.JUnitReportReporter -->
<testsuite hostname="A-PC" name="testng.P5" tests="2" failures="0" timestamp="11 Apr 2020 16:24:10 GMT" time="0.079" errors="0">
  <testcase name="method4" time="0.009" classname="testng.P5"/>
  <testcase name="method3" time="0.070" classname="testng.P5"/>
</testsuite> <!-- testng.P5 -->
