<?xml version="1.0" encoding="UTF-8"?>
<!-- Generated by org.testng.reporters.JUnitReportReporter -->
<testsuite hostname="A-PC" name="testng.P2" tests="2" failures="0" timestamp="11 Apr 2020 12:25:54 GMT" time="0.021" errors="0">
  <testcase name="cat" time="0.002" classname="testng.P2"/>
  <testcase name="apple" time="0.019" classname="testng.P2"/>
</testsuite> <!-- testng.P2 -->
