<?xml version="1.0" encoding="UTF-8"?>
<!-- Generated by org.testng.reporters.JUnitReportReporter -->
<testsuite hostname="A-PC" name="testng.p3" tests="2" failures="0" timestamp="11 Apr 2020 12:41:52 GMT" time="0.031" errors="0">
  <testcase name="cat" time="0.031" classname="testng.p3"/>
  <testcase name="apple" time="0.000" classname="testng.p3"/>
</testsuite> <!-- testng.p3 -->
