<?xml version="1.0" encoding="UTF-8"?>
<!-- Generated by org.testng.reporters.JUnitReportReporter -->
<testsuite hostname="A-PC" name="testng.p1" tests="7" failures="0" timestamp="10 Apr 2020 12:00:59 GMT" time="0.016" errors="0">
  <testcase name="banana" time="0.016" classname="testng.p1"/>
  <testcase name="apple" time="0.000" classname="testng.p1"/>
  <testcase name="apple" time="0.000" classname="testng.p1"/>
  <testcase name="apple" time="0.000" classname="testng.p1"/>
  <testcase name="cat" time="0.000" classname="testng.p1"/>
  <testcase name="banana" time="0.000" classname="testng.p1"/>
  <testcase name="banana" time="0.000" classname="testng.p1"/>
</testsuite> <!-- testng.p1 -->
